2019-09-26 22:11:11,458-TestMylog-INFO-打开浏览器
2019-09-26 22:11:12,878-TestMylog-INFO-最大化浏览器窗口。
2019-09-26 22:11:13,592-TestMylog-INFO-打开百度首页。
2019-09-26 22:11:14,593-TestMylog-INFO-暂停一秒。
2019-09-26 22:11:17,641-TestMylog-INFO-关闭并退出浏览器。
2019-09-26 22:14:52,829-TestMylog-INFO-打开浏览器
2019-09-26 22:14:54,632-TestMylog-INFO-最大化浏览器窗口。
2019-09-26 22:14:55,392-TestMylog-INFO-打开百度首页。
2019-09-26 22:14:56,393-TestMylog-INFO-暂停一秒。
2019-09-26 22:14:59,166-TestMylog-INFO-关闭并退出浏览器。
2019-09-26 22:15:48,729-TestMylog-INFO-打开浏览器
2019-09-26 22:15:50,763-TestMylog-INFO-最大化浏览器窗口。
2019-09-26 22:15:51,759-TestMylog-INFO-打开百度首页。
2019-09-26 22:15:52,760-TestMylog-INFO-暂停一秒。
2019-09-26 22:15:56,704-TestMylog-INFO-关闭并退出浏览器。
2019-09-26 22:19:03,133-TestMylog-INFO-打开浏览器
2019-09-26 22:19:04,311-TestMylog-INFO-最大化浏览器窗口。
2019-09-26 22:19:05,110-TestMylog-INFO-打开百度首页。
2019-09-26 22:19:06,110-TestMylog-INFO-暂停一秒。
2019-09-26 22:19:08,670-TestMylog-INFO-关闭并退出浏览器。
