2019-09-27 09:25:49,018-TestMylog-INFO-打开浏览器
2019-09-27 09:25:51,181-TestMylog-INFO-最大化浏览器窗口。
2019-09-27 09:25:52,281-TestMylog-INFO-打开百度首页。
2019-09-27 09:25:53,281-TestMylog-INFO-暂停一秒。
2019-09-27 09:25:55,767-TestMylog-INFO-关闭并退出浏览器。
2019-09-27 09:26:41,005-TestMylog-INFO-打开浏览器
2019-09-27 09:26:42,561-TestMylog-INFO-最大化浏览器窗口。
2019-09-27 09:26:43,284-TestMylog-INFO-打开百度首页。
2019-09-27 09:26:44,286-TestMylog-INFO-暂停一秒。
2019-09-27 09:26:46,768-TestMylog-INFO-关闭并退出浏览器。
2019-09-27 09:27:50,890-TestMylog-INFO-打开浏览器
2019-09-27 09:27:52,075-TestMylog-INFO-最大化浏览器窗口。
2019-09-27 09:27:52,709-TestMylog-INFO-打开百度首页。
2019-09-27 09:27:53,710-TestMylog-INFO-暂停一秒。
2019-09-27 09:27:56,197-TestMylog-INFO-关闭并退出浏览器。
2019-09-27 09:30:06,952-TestMylog-INFO-打开浏览器
2019-09-27 09:30:08,626-TestMylog-INFO-最大化浏览器窗口。
2019-09-27 09:30:09,885-TestMylog-INFO-打开百度首页。
2019-09-27 09:30:10,885-TestMylog-INFO-暂停一秒。
2019-09-27 09:30:13,418-TestMylog-INFO-关闭并退出浏览器。
